Arguments: 
  /usr/bin/node /usr/share/yarn/bin/yarn.js docker:build:web

PATH: 
  /home/ipavlenko/bin:/home/ipavlenko/.local/bin:/home/ipavlenko/bin:/home/ipavlenko/.local/bin:/home/ipavlenko/bin:/home/ipavlenko/.local/bin:/usr/local/sbin:/usr/local/bin:/usr/sbin:/usr/bin:/sbin:/bin:/usr/games:/usr/local/games:/snap/bin

Yarn version: 
  1.7.0

Node version: 
  9.11.1

Platform: 
  linux x64

Trace: 
  SyntaxError: /home/ipavlenko/Projects/LaborX/Labor-X-Starter/package.json: Unexpected token } in JSON at position 1407
      at JSON.parse (<anonymous>)
      at /usr/share/yarn/lib/cli.js:1130:59
      at Generator.next (<anonymous>)
      at step (/usr/share/yarn/lib/cli.js:98:30)
      at /usr/share/yarn/lib/cli.js:109:13
      at <anonymous>

npm manifest: 
  {
    "name": "@laborx/platform.starter",
    "version": "1.0.0",
    "main": "bin/build",
    "license": "MIT",
    "scripts": {
      "docker:start:mongo":  "/bin/bash ./bin/docker-start-mongo",
      "docker:stop:mongo":  "/bin/bash ./bin/docker-stop-mongo",
      "docker:restart:mongo":  "yarn docker:stop:mongo; yarn docker:start:mongo",
      "docker:build:backend": "/bin/bash ./bin/docker-build-backend",
      "docker:stop:backend": "/bin/bash ./bin/docker-stop-backend",
      "docker:start:backend": "/bin/bash ./bin/docker-start-backend",
      "docker:restart:backend": "yarn docker:stop:backend; yarn docker:start:backend",
      "docker:upgrade:backend": "yarn docker:build:backend && yarn docker:restart:backend",
      "docker:build:web": "/bin/bash ./bin/docker-build-web",
      "docker:stop:web": "/bin/bash ./bin/docker-stop-web",
      "docker:start:web": "/bin/bash ./bin/docker-start-web",
      "docker:restart:web": "yarn docker:stop:web; yarn docker:start:web",
      "docker:upgrade:web": "yarn docker:build:web && yarn docker:restart:web",
      "docker:build": "yarn docker:build:web; yarn docker:build:backend",
      "docker:stop": "yarn docker:stop:web; yarn docker:stop:backend",
      "docker:start": "yarn docker:start:web; yarn docker:start:backend",
      "docker:restart": "yarn docker:restart:web; yarn docker:restart:backend",
      "docker:upgrade": "yarn docker:upgrade:web; yarn docker:upgrade:backend"
    },
  }

yarn manifest: 
  No manifest

Lockfile: 
  No lockfile
